<?xml version="1.0" encoding="UTF-8"?>
<!-- Generated by org.testng.reporters.JUnitReportReporter -->
<testsuite hostname="USMUMSROHITPAR2" name="Tests.Test1" tests="1" failures="0" timestamp="14 Jan 2017 21:39:08 GMT" time="29.806" errors="0">
  <testcase name="Test_1" time="29.806" classname="Tests.Test1"/>
</testsuite> <!-- Tests.Test1 -->
